[debug] [2017-12-22T14:30:56.069Z] ----------------------------------------------------------------------
[debug] [2017-12-22T14:30:56.075Z] Command:       C:\Program Files\nodejs\node.exe C:\Users\Admin\AppData\Roaming\npm\node_modules\firebase-tools\bin\firebase serve --only functions
[debug] [2017-12-22T14:30:56.076Z] CLI Version:   3.15.0
[debug] [2017-12-22T14:30:56.076Z] Platform:      win32
[debug] [2017-12-22T14:30:56.076Z] Node Version:  v7.10.0
[debug] [2017-12-22T14:30:56.077Z] Time:          Fri Dec 22 2017 21:30:56 GMT+0700 (SE Asia Standard Time)
[debug] [2017-12-22T14:30:56.077Z] ----------------------------------------------------------------------
[debug] 
[debug] [2017-12-22T14:30:56.158Z] > command requires scopes: ["email","openid","https://www.googleapis.com/auth/cloudplatformprojects.readonly","https://www.googleapis.com/auth/firebase","https://www.googleapis.com/auth/cloud-platform"]
[debug] [2017-12-22T14:30:56.159Z] > authorizing via signed-in user
[debug] [2017-12-22T14:30:56.164Z] > refreshing access token with scopes: ["email","https://www.googleapis.com/auth/cloud-platform","https://www.googleapis.com/auth/cloudplatformprojects.readonly","https://www.googleapis.com/auth/firebase","openid"]
[debug] [2017-12-22T14:30:56.164Z] >>> HTTP REQUEST POST https://www.googleapis.com/oauth2/v3/token { refresh_token: '1/goI6Ss9j9x7qZVdFdqLqGqZvBmzz6v1tJoprmamqBTk',
  client_id: '563584335869-fgrhgmd47bqnekij5i8b5pr03ho849e6.apps.googleusercontent.com',
  client_secret: 'j9iVZfS8kkCEFUPaAeJV0sAi',
  grant_type: 'refresh_token',
  scope: 'email https://www.googleapis.com/auth/cloud-platform https://www.googleapis.com/auth/cloudplatformprojects.readonly https://www.googleapis.com/auth/firebase openid' } 
 Fri Dec 22 2017 21:30:56 GMT+0700 (SE Asia Standard Time)
[debug] [2017-12-22T14:30:56.452Z] <<< HTTP RESPONSE 200
[debug] [2017-12-22T14:30:56.469Z] >>> HTTP REQUEST GET https://admin.firebase.com/v1/projects/anhhunglau-7b113  
 Fri Dec 22 2017 21:30:56 GMT+0700 (SE Asia Standard Time)
[debug] [2017-12-22T14:30:58.186Z] <<< HTTP RESPONSE 200
[debug] [2017-12-22T14:30:58.187Z] >>> HTTP REQUEST GET https://admin.firebase.com/v1/database/anhhunglau-7b113/tokens  
 Fri Dec 22 2017 21:30:58 GMT+0700 (SE Asia Standard Time)
[debug] [2017-12-22T14:30:59.657Z] <<< HTTP RESPONSE 200
[info] 
[info] === Serving from 'C:\Users\Admin\workspace\ChupVanBanServer'...
[info] 
[info] i  functions: Preparing to emulate functions.
[debug] [2017-12-22T14:31:04.352Z] >>> HTTP REQUEST GET https://appengine.googleapis.com/v1/apps/anhhunglau-7b113  
 Fri Dec 22 2017 21:31:04 GMT+0700 (SE Asia Standard Time)
[debug] [2017-12-22T14:31:04.353Z] >>> HTTP REQUEST GET https://apikeys.googleapis.com/v1/projects/anhhunglau-7b113/apiKeys  
 Fri Dec 22 2017 21:31:04 GMT+0700 (SE Asia Standard Time)
[debug] [2017-12-22T14:31:05.664Z] <<< HTTP RESPONSE 200
[debug] [2017-12-22T14:31:05.735Z] <<< HTTP RESPONSE 200
[info] +  functions: app: http://localhost:5000/anhhunglau-7b113/us-central1/app
